{
  "RSpec": {
    "coverage": {
      "/Users/roystonHenson/Projects/bookmark_manager/james/app/app.rb": [
        1,
        null,
        1,
        1,
        null,
        1,
        1,
        0,
        null,
        null,
        1,
        3,
        3,
        null,
        null,
        1,
        2,
        2,
        2,
        2,
        2,
        null,
        null,
        1,
        2,
        null,
        null,
        null,
        1,
        null
      ],
      "/Users/roystonHenson/Projects/bookmark_manager/james/spec/features/creating_links_spec.rb": [
        1,
        null,
        1,
        1,
        1,
        1,
        1,
        1,
        1,
        null,
        null
      ],
      "/Users/roystonHenson/Projects/bookmark_manager/james/spec/features/see_links_spec.rb": [
        1,
        null,
        1,
        1,
        null,
        1,
        1,
        1,
        null,
        null
      ],
      "/Users/roystonHenson/Projects/bookmark_manager/james/spec/link_spec.rb": [
        1,
        null,
        1,
        1,
        null,
        null,
        null,
        null
      ]
    },
    "timestamp": 1476964943
  }
}
